<?xml version="1.0" encoding="UTF-8"?>
<testsuite name="TestNGTest-ed7770b5-e871-4016-b3b7-738e5e49a776"
           tests="6"
           failures="6"
           errors="0"
           skipped="0"
           time="10.583">
    <properties></properties>

            <testcase
                name="tearDown"
                time="0.024"
                classname="F01">

            <failure type="org.openqa.selenium.WebDriverException" message="java.net.ConnectException: Failed to connect to localhost/[0:0:0:0:0:0:0:1]:32807
Build info: version: &apos;4.0.0-alpha-2&apos;, revision: &apos;f148142cf8&apos;, time: &apos;2019-07-01T20:55:26&apos;
System info: host: &apos;BOX&apos;, ip: &apos;192.168.1.252&apos;, os.name: &apos;Windows 11&apos;, os.arch: &apos;amd64&apos;, os.version: &apos;10.0&apos;, java.version: &apos;17.0.14&apos;
Driver info: driver.version: ChromiumDriver">
                <![CDATA[org.openqa.selenium.WebDriverException: java.net.ConnectException: Failed to connect to localhost/[0:0:0:0:0:0:0:1]:32807
Build info: version: '4.0.0-alpha-2', revision: 'f148142cf8', time: '2019-07-01T20:55:26'
System info: host: 'BOX', ip: '192.168.1.252', os.name: 'Windows 11', os.arch: 'amd64', os.version: '10.0', java.version: '17.0.14'
Driver info: driver.version: ChromiumDriver
                org.openqa.selenium.remote.service.DriverCommandExecutor.execute(DriverCommandExecutor.java:92)org.openqa.selenium.remote.RemoteWebDriver.execute(RemoteWebDriver.java:576)org.openqa.selenium.remote.RemoteWebDriver.execute(RemoteWebDriver.java:633)org.openqa.selenium.remote.RemoteWebDriver.execute(RemoteWebDriver.java:637)org.openqa.selenium.remote.RemoteWebDriver.quit(RemoteWebDriver.java:473)org.openqa.selenium.chromium.ChromiumDriver.quit(ChromiumDriver.java:163)F01.tearDown(F01.java:94)java.base/jdk.internal.reflect.NativeMethodAccessorImpl.invoke0(Native Method)java.base/jdk.internal.reflect.NativeMethodAccessorImpl.invoke(NativeMethodAccessorImpl.java:77)java.base/jdk.internal.reflect.DelegatingMethodAccessorImpl.invoke(DelegatingMethodAccessorImpl.java:43)java.base/java.lang.reflect.Method.invoke(Method.java:569)org.testng.internal.invokers.MethodInvocationHelper.invokeMethod(MethodInvocationHelper.java:141)org.testng.internal.invokers.MethodInvocationHelper.invokeMethodConsideringTimeout(MethodInvocationHelper.java:71)org.testng.internal.invokers.ConfigInvoker.invokeConfigurationMethod(ConfigInvoker.java:400)org.testng.internal.invokers.ConfigInvoker.invokeConfigurations(ConfigInvoker.java:333)org.testng.internal.invokers.TestMethodWorker.invokeAfterClassConfigurations(TestMethodWorker.java:238)org.testng.internal.invokers.TestMethodWorker.invokeAfterClassMethods(TestMethodWorker.java:223)org.testng.internal.invokers.TestMethodWorker.run(TestMethodWorker.java:137)java.base/java.util.ArrayList.forEach(ArrayList.java:1511)org.testng.TestRunner.privateRun(TestRunner.java:739)org.testng.TestRunner.run(TestRunner.java:614)org.testng.SuiteRunner.runTest(SuiteRunner.java:421)org.testng.SuiteRunner.runSequentially(SuiteRunner.java:413)org.testng.SuiteRunner.privateRun(SuiteRunner.java:373)org.testng.SuiteRunner.run(SuiteRunner.java:312)org.testng.SuiteRunnerWorker.runSuite(SuiteRunnerWorker.java:52)org.testng.SuiteRunnerWorker.run(SuiteRunnerWorker.java:95)org.testng.TestNG.runSuitesSequentially(TestNG.java:1274)org.testng.TestNG.runSuitesLocally(TestNG.java:1208)org.testng.TestNG.runSuites(TestNG.java:1112)org.testng.TestNG.run(TestNG.java:1079)com.microsoft.java.test.runner.testng.TestNGRunner.run(TestNGRunner.java:45)com.microsoft.java.test.runner.testng.TestNGLauncher.execute(TestNGLauncher.java:32)com.microsoft.java.test.runner.Launcher.main(Launcher.java:57)
                    Caused by: java.net.ConnectException: Failed to connect to localhost/[0:0:0:0:0:0:0:1]:32807
                    okhttp3.internal.connection.RealConnection.connectSocket(RealConnection.java:265)okhttp3.internal.connection.RealConnection.connect(RealConnection.java:183)okhttp3.internal.connection.ExchangeFinder.findConnection(ExchangeFinder.java:224)okhttp3.internal.connection.ExchangeFinder.findHealthyConnection(ExchangeFinder.java:107)okhttp3.internal.connection.ExchangeFinder.find(ExchangeFinder.java:87)okhttp3.internal.connection.Transmitter.newExchange(Transmitter.java:162)okhttp3.internal.connection.ConnectInterceptor.intercept(ConnectInterceptor.java:41)okhttp3.internal.http.RealInterceptorChain.proceed(RealInterceptorChain.java:142)okhttp3.internal.http.RealInterceptorChain.proceed(RealInterceptorChain.java:117)okhttp3.internal.cache.CacheInterceptor.intercept(CacheInterceptor.java:94)okhttp3.internal.http.RealInterceptorChain.proceed(RealInterceptorChain.java:142)okhttp3.internal.http.RealInterceptorChain.proceed(RealInterceptorChain.java:117)okhttp3.internal.http.BridgeInterceptor.intercept(BridgeInterceptor.java:93)okhttp3.internal.http.RealInterceptorChain.proceed(RealInterceptorChain.java:142)okhttp3.internal.http.RetryAndFollowUpInterceptor.intercept(RetryAndFollowUpInterceptor.java:88)okhttp3.internal.http.RealInterceptorChain.proceed(RealInterceptorChain.java:142)okhttp3.internal.http.RealInterceptorChain.proceed(RealInterceptorChain.java:117)okhttp3.RealCall.getResponseWithInterceptorChain(RealCall.java:221)okhttp3.RealCall.execute(RealCall.java:81)org.openqa.selenium.remote.internal.OkHttpClient.execute(OkHttpClient.java:59)org.openqa.selenium.remote.HttpCommandExecutor.execute(HttpCommandExecutor.java:158)org.openqa.selenium.remote.service.DriverCommandExecutor.execute(DriverCommandExecutor.java:83)org.openqa.selenium.remote.RemoteWebDriver.execute(RemoteWebDriver.java:576)org.openqa.selenium.remote.RemoteWebDriver.execute(RemoteWebDriver.java:633)org.openqa.selenium.remote.RemoteWebDriver.execute(RemoteWebDriver.java:637)org.openqa.selenium.remote.RemoteWebDriver.quit(RemoteWebDriver.java:473)org.openqa.selenium.chromium.ChromiumDriver.quit(ChromiumDriver.java:163)F01.tearDown(F01.java:94)java.base/jdk.internal.reflect.NativeMethodAccessorImpl.invoke0(Native Method)java.base/jdk.internal.reflect.NativeMethodAccessorImpl.invoke(NativeMethodAccessorImpl.java:77)java.base/jdk.internal.reflect.DelegatingMethodAccessorImpl.invoke(DelegatingMethodAccessorImpl.java:43)java.base/java.lang.reflect.Method.invoke(Method.java:569)org.testng.internal.invokers.MethodInvocationHelper.invokeMethod(MethodInvocationHelper.java:141)org.testng.internal.invokers.MethodInvocationHelper.invokeMethodConsideringTimeout(MethodInvocationHelper.java:71)org.testng.internal.invokers.ConfigInvoker.invokeConfigurationMethod(ConfigInvoker.java:400)org.testng.internal.invokers.ConfigInvoker.invokeConfigurations(ConfigInvoker.java:333)org.testng.internal.invokers.TestMethodWorker.invokeAfterClassConfigurations(TestMethodWorker.java:238)org.testng.internal.invokers.TestMethodWorker.invokeAfterClassMethods(TestMethodWorker.java:223)org.testng.internal.invokers.TestMethodWorker.run(TestMethodWorker.java:137)java.base/java.util.ArrayList.forEach(ArrayList.java:1511)org.testng.TestRunner.privateRun(TestRunner.java:739)org.testng.TestRunner.run(TestRunner.java:614)org.testng.SuiteRunner.runTest(SuiteRunner.java:421)org.testng.SuiteRunner.runSequentially(SuiteRunner.java:413)org.testng.SuiteRunner.privateRun(SuiteRunner.java:373)org.testng.SuiteRunner.run(SuiteRunner.java:312)org.testng.SuiteRunnerWorker.runSuite(SuiteRunnerWorker.java:52)org.testng.SuiteRunnerWorker.run(SuiteRunnerWorker.java:95)org.testng.TestNG.runSuitesSequentially(TestNG.java:1274)org.testng.TestNG.runSuitesLocally(TestNG.java:1208)org.testng.TestNG.runSuites(TestNG.java:1112)org.testng.TestNG.run(TestNG.java:1079)com.microsoft.java.test.runner.testng.TestNGRunner.run(TestNGRunner.java:45)com.microsoft.java.test.runner.testng.TestNGLauncher.execute(TestNGLauncher.java:32)com.microsoft.java.test.runner.Launcher.main(Launcher.java:57)
                                    Caused by: java.net.ConnectException: Connection refused: getsockopt
                    java.base/sun.nio.ch.Net.pollConnect(Native Method)java.base/sun.nio.ch.Net.pollConnectNow(Net.java:672)java.base/sun.nio.ch.NioSocketImpl.timedFinishConnect(NioSocketImpl.java:547)java.base/sun.nio.ch.NioSocketImpl.connect(NioSocketImpl.java:602)java.base/java.net.SocksSocketImpl.connect(SocksSocketImpl.java:327)java.base/java.net.Socket.connect(Socket.java:633)okhttp3.internal.platform.Platform.connectSocket(Platform.java:130)okhttp3.internal.connection.RealConnection.connectSocket(RealConnection.java:263)okhttp3.internal.connection.RealConnection.connect(RealConnection.java:183)okhttp3.internal.connection.ExchangeFinder.findConnection(ExchangeFinder.java:224)okhttp3.internal.connection.ExchangeFinder.findHealthyConnection(ExchangeFinder.java:107)okhttp3.internal.connection.ExchangeFinder.find(ExchangeFinder.java:87)okhttp3.internal.connection.Transmitter.newExchange(Transmitter.java:162)okhttp3.internal.connection.ConnectInterceptor.intercept(ConnectInterceptor.java:41)okhttp3.internal.http.RealInterceptorChain.proceed(RealInterceptorChain.java:142)okhttp3.internal.http.RealInterceptorChain.proceed(RealInterceptorChain.java:117)okhttp3.internal.cache.CacheInterceptor.intercept(CacheInterceptor.java:94)okhttp3.internal.http.RealInterceptorChain.proceed(RealInterceptorChain.java:142)okhttp3.internal.http.RealInterceptorChain.proceed(RealInterceptorChain.java:117)okhttp3.internal.http.BridgeInterceptor.intercept(BridgeInterceptor.java:93)okhttp3.internal.http.RealInterceptorChain.proceed(RealInterceptorChain.java:142)okhttp3.internal.http.RetryAndFollowUpInterceptor.intercept(RetryAndFollowUpInterceptor.java:88)okhttp3.internal.http.RealInterceptorChain.proceed(RealInterceptorChain.java:142)okhttp3.internal.http.RealInterceptorChain.proceed(RealInterceptorChain.java:117)okhttp3.RealCall.getResponseWithInterceptorChain(RealCall.java:221)okhttp3.RealCall.execute(RealCall.java:81)org.openqa.selenium.remote.internal.OkHttpClient.execute(OkHttpClient.java:59)org.openqa.selenium.remote.HttpCommandExecutor.execute(HttpCommandExecutor.java:158)org.openqa.selenium.remote.service.DriverCommandExecutor.execute(DriverCommandExecutor.java:83)org.openqa.selenium.remote.RemoteWebDriver.execute(RemoteWebDriver.java:576)org.openqa.selenium.remote.RemoteWebDriver.execute(RemoteWebDriver.java:633)org.openqa.selenium.remote.RemoteWebDriver.execute(RemoteWebDriver.java:637)org.openqa.selenium.remote.RemoteWebDriver.quit(RemoteWebDriver.java:473)org.openqa.selenium.chromium.ChromiumDriver.quit(ChromiumDriver.java:163)F01.tearDown(F01.java:94)java.base/jdk.internal.reflect.NativeMethodAccessorImpl.invoke0(Native Method)java.base/jdk.internal.reflect.NativeMethodAccessorImpl.invoke(NativeMethodAccessorImpl.java:77)java.base/jdk.internal.reflect.DelegatingMethodAccessorImpl.invoke(DelegatingMethodAccessorImpl.java:43)java.base/java.lang.reflect.Method.invoke(Method.java:569)org.testng.internal.invokers.MethodInvocationHelper.invokeMethod(MethodInvocationHelper.java:141)org.testng.internal.invokers.MethodInvocationHelper.invokeMethodConsideringTimeout(MethodInvocationHelper.java:71)org.testng.internal.invokers.ConfigInvoker.invokeConfigurationMethod(ConfigInvoker.java:400)org.testng.internal.invokers.ConfigInvoker.invokeConfigurations(ConfigInvoker.java:333)org.testng.internal.invokers.TestMethodWorker.invokeAfterClassConfigurations(TestMethodWorker.java:238)org.testng.internal.invokers.TestMethodWorker.invokeAfterClassMethods(TestMethodWorker.java:223)org.testng.internal.invokers.TestMethodWorker.run(TestMethodWorker.java:137)java.base/java.util.ArrayList.forEach(ArrayList.java:1511)org.testng.TestRunner.privateRun(TestRunner.java:739)org.testng.TestRunner.run(TestRunner.java:614)org.testng.SuiteRunner.runTest(SuiteRunner.java:421)org.testng.SuiteRunner.runSequentially(SuiteRunner.java:413)org.testng.SuiteRunner.privateRun(SuiteRunner.java:373)org.testng.SuiteRunner.run(SuiteRunner.java:312)org.testng.SuiteRunnerWorker.runSuite(SuiteRunnerWorker.java:52)org.testng.SuiteRunnerWorker.run(SuiteRunnerWorker.java:95)org.testng.TestNG.runSuitesSequentially(TestNG.java:1274)org.testng.TestNG.runSuitesLocally(TestNG.java:1208)org.testng.TestNG.runSuites(TestNG.java:1112)org.testng.TestNG.run(TestNG.java:1079)com.microsoft.java.test.runner.testng.TestNGRunner.run(TestNGRunner.java:45)com.microsoft.java.test.runner.testng.TestNGLauncher.execute(TestNGLauncher.java:32)com.microsoft.java.test.runner.Launcher.main(Launcher.java:57)
                ]]>
            </failure>
    </testcase>
            <testcase
                name="testExceedGuestLimit"
                time="0.048"
                classname="F01">

            <failure type="org.openqa.selenium.WebDriverException" message="java.net.ConnectException: Failed to connect to localhost/[0:0:0:0:0:0:0:1]:32807
Build info: version: &apos;4.0.0-alpha-2&apos;, revision: &apos;f148142cf8&apos;, time: &apos;2019-07-01T20:55:26&apos;
System info: host: &apos;BOX&apos;, ip: &apos;192.168.1.252&apos;, os.name: &apos;Windows 11&apos;, os.arch: &apos;amd64&apos;, os.version: &apos;10.0&apos;, java.version: &apos;17.0.14&apos;
Driver info: driver.version: RemoteWebDriver">
                <![CDATA[org.openqa.selenium.WebDriverException: java.net.ConnectException: Failed to connect to localhost/[0:0:0:0:0:0:0:1]:32807
Build info: version: '4.0.0-alpha-2', revision: 'f148142cf8', time: '2019-07-01T20:55:26'
System info: host: 'BOX', ip: '192.168.1.252', os.name: 'Windows 11', os.arch: 'amd64', os.version: '10.0', java.version: '17.0.14'
Driver info: driver.version: RemoteWebDriver
                org.openqa.selenium.remote.service.DriverCommandExecutor.execute(DriverCommandExecutor.java:92)org.openqa.selenium.remote.RemoteWebDriver.execute(RemoteWebDriver.java:576)org.openqa.selenium.remote.RemoteWebElement.execute(RemoteWebElement.java:308)org.openqa.selenium.remote.RemoteWebElement.isDisplayed(RemoteWebElement.java:355)org.openqa.selenium.support.ui.ExpectedConditions.elementIfVisible(ExpectedConditions.java:314)org.openqa.selenium.support.ui.ExpectedConditions.access$000(ExpectedConditions.java:43)org.openqa.selenium.support.ui.ExpectedConditions$7.apply(ExpectedConditions.java:205)org.openqa.selenium.support.ui.ExpectedConditions$7.apply(ExpectedConditions.java:201)org.openqa.selenium.support.ui.ExpectedConditions$22.apply(ExpectedConditions.java:641)org.openqa.selenium.support.ui.ExpectedConditions$22.apply(ExpectedConditions.java:638)org.openqa.selenium.support.ui.FluentWait.until(FluentWait.java:211)F01.searchHotel(F01.java:32)F01.testExceedGuestLimit(F01.java:79)java.base/jdk.internal.reflect.NativeMethodAccessorImpl.invoke0(Native Method)java.base/jdk.internal.reflect.NativeMethodAccessorImpl.invoke(NativeMethodAccessorImpl.java:77)java.base/jdk.internal.reflect.DelegatingMethodAccessorImpl.invoke(DelegatingMethodAccessorImpl.java:43)java.base/java.lang.reflect.Method.invoke(Method.java:569)org.testng.internal.invokers.MethodInvocationHelper.invokeMethod(MethodInvocationHelper.java:141)org.testng.internal.invokers.TestInvoker.invokeMethod(TestInvoker.java:686)org.testng.internal.invokers.TestInvoker.invokeTestMethod(TestInvoker.java:230)org.testng.internal.invokers.MethodRunner.runInSequence(MethodRunner.java:63)org.testng.internal.invokers.TestInvoker$MethodInvocationAgent.invoke(TestInvoker.java:992)org.testng.internal.invokers.TestInvoker.invokeTestMethods(TestInvoker.java:203)org.testng.internal.invokers.TestMethodWorker.invokeTestMethods(TestMethodWorker.java:154)org.testng.internal.invokers.TestMethodWorker.run(TestMethodWorker.java:134)java.base/java.util.ArrayList.forEach(ArrayList.java:1511)org.testng.TestRunner.privateRun(TestRunner.java:739)org.testng.TestRunner.run(TestRunner.java:614)org.testng.SuiteRunner.runTest(SuiteRunner.java:421)org.testng.SuiteRunner.runSequentially(SuiteRunner.java:413)org.testng.SuiteRunner.privateRun(SuiteRunner.java:373)org.testng.SuiteRunner.run(SuiteRunner.java:312)org.testng.SuiteRunnerWorker.runSuite(SuiteRunnerWorker.java:52)org.testng.SuiteRunnerWorker.run(SuiteRunnerWorker.java:95)org.testng.TestNG.runSuitesSequentially(TestNG.java:1274)org.testng.TestNG.runSuitesLocally(TestNG.java:1208)org.testng.TestNG.runSuites(TestNG.java:1112)org.testng.TestNG.run(TestNG.java:1079)com.microsoft.java.test.runner.testng.TestNGRunner.run(TestNGRunner.java:45)com.microsoft.java.test.runner.testng.TestNGLauncher.execute(TestNGLauncher.java:32)com.microsoft.java.test.runner.Launcher.main(Launcher.java:57)
                    Caused by: java.net.ConnectException: Failed to connect to localhost/[0:0:0:0:0:0:0:1]:32807
                    okhttp3.internal.connection.RealConnection.connectSocket(RealConnection.java:265)okhttp3.internal.connection.RealConnection.connect(RealConnection.java:183)okhttp3.internal.connection.ExchangeFinder.findConnection(ExchangeFinder.java:224)okhttp3.internal.connection.ExchangeFinder.findHealthyConnection(ExchangeFinder.java:107)okhttp3.internal.connection.ExchangeFinder.find(ExchangeFinder.java:87)okhttp3.internal.connection.Transmitter.newExchange(Transmitter.java:162)okhttp3.internal.connection.ConnectInterceptor.intercept(ConnectInterceptor.java:41)okhttp3.internal.http.RealInterceptorChain.proceed(RealInterceptorChain.java:142)okhttp3.internal.http.RealInterceptorChain.proceed(RealInterceptorChain.java:117)okhttp3.internal.cache.CacheInterceptor.intercept(CacheInterceptor.java:94)okhttp3.internal.http.RealInterceptorChain.proceed(RealInterceptorChain.java:142)okhttp3.internal.http.RealInterceptorChain.proceed(RealInterceptorChain.java:117)okhttp3.internal.http.BridgeInterceptor.intercept(BridgeInterceptor.java:93)okhttp3.internal.http.RealInterceptorChain.proceed(RealInterceptorChain.java:142)okhttp3.internal.http.RetryAndFollowUpInterceptor.intercept(RetryAndFollowUpInterceptor.java:88)okhttp3.internal.http.RealInterceptorChain.proceed(RealInterceptorChain.java:142)okhttp3.internal.http.RealInterceptorChain.proceed(RealInterceptorChain.java:117)okhttp3.RealCall.getResponseWithInterceptorChain(RealCall.java:221)okhttp3.RealCall.execute(RealCall.java:81)org.openqa.selenium.remote.internal.OkHttpClient.execute(OkHttpClient.java:59)org.openqa.selenium.remote.HttpCommandExecutor.execute(HttpCommandExecutor.java:158)org.openqa.selenium.remote.service.DriverCommandExecutor.execute(DriverCommandExecutor.java:83)org.openqa.selenium.remote.RemoteWebDriver.execute(RemoteWebDriver.java:576)org.openqa.selenium.remote.RemoteWebElement.execute(RemoteWebElement.java:308)org.openqa.selenium.remote.RemoteWebElement.isDisplayed(RemoteWebElement.java:355)org.openqa.selenium.support.ui.ExpectedConditions.elementIfVisible(ExpectedConditions.java:314)org.openqa.selenium.support.ui.ExpectedConditions.access$000(ExpectedConditions.java:43)org.openqa.selenium.support.ui.ExpectedConditions$7.apply(ExpectedConditions.java:205)org.openqa.selenium.support.ui.ExpectedConditions$7.apply(ExpectedConditions.java:201)org.openqa.selenium.support.ui.ExpectedConditions$22.apply(ExpectedConditions.java:641)org.openqa.selenium.support.ui.ExpectedConditions$22.apply(ExpectedConditions.java:638)org.openqa.selenium.support.ui.FluentWait.until(FluentWait.java:211)F01.searchHotel(F01.java:32)F01.testExceedGuestLimit(F01.java:79)java.base/jdk.internal.reflect.NativeMethodAccessorImpl.invoke0(Native Method)java.base/jdk.internal.reflect.NativeMethodAccessorImpl.invoke(NativeMethodAccessorImpl.java:77)java.base/jdk.internal.reflect.DelegatingMethodAccessorImpl.invoke(DelegatingMethodAccessorImpl.java:43)java.base/java.lang.reflect.Method.invoke(Method.java:569)org.testng.internal.invokers.MethodInvocationHelper.invokeMethod(MethodInvocationHelper.java:141)org.testng.internal.invokers.TestInvoker.invokeMethod(TestInvoker.java:686)org.testng.internal.invokers.TestInvoker.invokeTestMethod(TestInvoker.java:230)org.testng.internal.invokers.MethodRunner.runInSequence(MethodRunner.java:63)org.testng.internal.invokers.TestInvoker$MethodInvocationAgent.invoke(TestInvoker.java:992)org.testng.internal.invokers.TestInvoker.invokeTestMethods(TestInvoker.java:203)org.testng.internal.invokers.TestMethodWorker.invokeTestMethods(TestMethodWorker.java:154)org.testng.internal.invokers.TestMethodWorker.run(TestMethodWorker.java:134)java.base/java.util.ArrayList.forEach(ArrayList.java:1511)org.testng.TestRunner.privateRun(TestRunner.java:739)org.testng.TestRunner.run(TestRunner.java:614)org.testng.SuiteRunner.runTest(SuiteRunner.java:421)org.testng.SuiteRunner.runSequentially(SuiteRunner.java:413)org.testng.SuiteRunner.privateRun(SuiteRunner.java:373)org.testng.SuiteRunner.run(SuiteRunner.java:312)org.testng.SuiteRunnerWorker.runSuite(SuiteRunnerWorker.java:52)org.testng.SuiteRunnerWorker.run(SuiteRunnerWorker.java:95)org.testng.TestNG.runSuitesSequentially(TestNG.java:1274)org.testng.TestNG.runSuitesLocally(TestNG.java:1208)org.testng.TestNG.runSuites(TestNG.java:1112)org.testng.TestNG.run(TestNG.java:1079)com.microsoft.java.test.runner.testng.TestNGRunner.run(TestNGRunner.java:45)com.microsoft.java.test.runner.testng.TestNGLauncher.execute(TestNGLauncher.java:32)com.microsoft.java.test.runner.Launcher.main(Launcher.java:57)
                                    Caused by: java.net.ConnectException: Connection refused: getsockopt
                    java.base/sun.nio.ch.Net.pollConnect(Native Method)java.base/sun.nio.ch.Net.pollConnectNow(Net.java:672)java.base/sun.nio.ch.NioSocketImpl.timedFinishConnect(NioSocketImpl.java:547)java.base/sun.nio.ch.NioSocketImpl.connect(NioSocketImpl.java:602)java.base/java.net.SocksSocketImpl.connect(SocksSocketImpl.java:327)java.base/java.net.Socket.connect(Socket.java:633)okhttp3.internal.platform.Platform.connectSocket(Platform.java:130)okhttp3.internal.connection.RealConnection.connectSocket(RealConnection.java:263)okhttp3.internal.connection.RealConnection.connect(RealConnection.java:183)okhttp3.internal.connection.ExchangeFinder.findConnection(ExchangeFinder.java:224)okhttp3.internal.connection.ExchangeFinder.findHealthyConnection(ExchangeFinder.java:107)okhttp3.internal.connection.ExchangeFinder.find(ExchangeFinder.java:87)okhttp3.internal.connection.Transmitter.newExchange(Transmitter.java:162)okhttp3.internal.connection.ConnectInterceptor.intercept(ConnectInterceptor.java:41)okhttp3.internal.http.RealInterceptorChain.proceed(RealInterceptorChain.java:142)okhttp3.internal.http.RealInterceptorChain.proceed(RealInterceptorChain.java:117)okhttp3.internal.cache.CacheInterceptor.intercept(CacheInterceptor.java:94)okhttp3.internal.http.RealInterceptorChain.proceed(RealInterceptorChain.java:142)okhttp3.internal.http.RealInterceptorChain.proceed(RealInterceptorChain.java:117)okhttp3.internal.http.BridgeInterceptor.intercept(BridgeInterceptor.java:93)okhttp3.internal.http.RealInterceptorChain.proceed(RealInterceptorChain.java:142)okhttp3.internal.http.RetryAndFollowUpInterceptor.intercept(RetryAndFollowUpInterceptor.java:88)okhttp3.internal.http.RealInterceptorChain.proceed(RealInterceptorChain.java:142)okhttp3.internal.http.RealInterceptorChain.proceed(RealInterceptorChain.java:117)okhttp3.RealCall.getResponseWithInterceptorChain(RealCall.java:221)okhttp3.RealCall.execute(RealCall.java:81)org.openqa.selenium.remote.internal.OkHttpClient.execute(OkHttpClient.java:59)org.openqa.selenium.remote.HttpCommandExecutor.execute(HttpCommandExecutor.java:158)org.openqa.selenium.remote.service.DriverCommandExecutor.execute(DriverCommandExecutor.java:83)org.openqa.selenium.remote.RemoteWebDriver.execute(RemoteWebDriver.java:576)org.openqa.selenium.remote.RemoteWebElement.execute(RemoteWebElement.java:308)org.openqa.selenium.remote.RemoteWebElement.isDisplayed(RemoteWebElement.java:355)org.openqa.selenium.support.ui.ExpectedConditions.elementIfVisible(ExpectedConditions.java:314)org.openqa.selenium.support.ui.ExpectedConditions.access$000(ExpectedConditions.java:43)org.openqa.selenium.support.ui.ExpectedConditions$7.apply(ExpectedConditions.java:205)org.openqa.selenium.support.ui.ExpectedConditions$7.apply(ExpectedConditions.java:201)org.openqa.selenium.support.ui.ExpectedConditions$22.apply(ExpectedConditions.java:641)org.openqa.selenium.support.ui.ExpectedConditions$22.apply(ExpectedConditions.java:638)org.openqa.selenium.support.ui.FluentWait.until(FluentWait.java:211)F01.searchHotel(F01.java:32)F01.testExceedGuestLimit(F01.java:79)java.base/jdk.internal.reflect.NativeMethodAccessorImpl.invoke0(Native Method)java.base/jdk.internal.reflect.NativeMethodAccessorImpl.invoke(NativeMethodAccessorImpl.java:77)java.base/jdk.internal.reflect.DelegatingMethodAccessorImpl.invoke(DelegatingMethodAccessorImpl.java:43)java.base/java.lang.reflect.Method.invoke(Method.java:569)org.testng.internal.invokers.MethodInvocationHelper.invokeMethod(MethodInvocationHelper.java:141)org.testng.internal.invokers.TestInvoker.invokeMethod(TestInvoker.java:686)org.testng.internal.invokers.TestInvoker.invokeTestMethod(TestInvoker.java:230)org.testng.internal.invokers.MethodRunner.runInSequence(MethodRunner.java:63)org.testng.internal.invokers.TestInvoker$MethodInvocationAgent.invoke(TestInvoker.java:992)org.testng.internal.invokers.TestInvoker.invokeTestMethods(TestInvoker.java:203)org.testng.internal.invokers.TestMethodWorker.invokeTestMethods(TestMethodWorker.java:154)org.testng.internal.invokers.TestMethodWorker.run(TestMethodWorker.java:134)java.base/java.util.ArrayList.forEach(ArrayList.java:1511)org.testng.TestRunner.privateRun(TestRunner.java:739)org.testng.TestRunner.run(TestRunner.java:614)org.testng.SuiteRunner.runTest(SuiteRunner.java:421)org.testng.SuiteRunner.runSequentially(SuiteRunner.java:413)org.testng.SuiteRunner.privateRun(SuiteRunner.java:373)org.testng.SuiteRunner.run(SuiteRunner.java:312)org.testng.SuiteRunnerWorker.runSuite(SuiteRunnerWorker.java:52)org.testng.SuiteRunnerWorker.run(SuiteRunnerWorker.java:95)org.testng.TestNG.runSuitesSequentially(TestNG.java:1274)org.testng.TestNG.runSuitesLocally(TestNG.java:1208)org.testng.TestNG.runSuites(TestNG.java:1112)org.testng.TestNG.run(TestNG.java:1079)com.microsoft.java.test.runner.testng.TestNGRunner.run(TestNGRunner.java:45)com.microsoft.java.test.runner.testng.TestNGLauncher.execute(TestNGLauncher.java:32)com.microsoft.java.test.runner.Launcher.main(Launcher.java:57)
                ]]>
            </failure>
    </testcase>
            <testcase
                name="testCheckinBeforeCheckout"
                time="10.482"
                classname="F01">

            <failure type="org.openqa.selenium.TimeoutException" message="Expected condition failed: waiting for element to be clickable: By.id: select2-hotels_city-container (tried for 10 second(s) with 500 milliseconds interval)
Build info: version: &apos;4.0.0-alpha-2&apos;, revision: &apos;f148142cf8&apos;, time: &apos;2019-07-01T20:55:26&apos;
System info: host: &apos;BOX&apos;, ip: &apos;192.168.1.252&apos;, os.name: &apos;Windows 11&apos;, os.arch: &apos;amd64&apos;, os.version: &apos;10.0&apos;, java.version: &apos;17.0.14&apos;
Driver info: org.openqa.selenium.chrome.ChromeDriver
Capabilities {acceptInsecureCerts: false, browserName: chrome, browserVersion: 133.0.6943.127, chrome: {chromedriverVersion: 133.0.6943.126 (cffa127ce7b..., userDataDir: C:\Users\trvan\AppData\Loca...}, fedcm:accounts: true, goog:chromeOptions: {debuggerAddress: localhost:52215}, javascriptEnabled: true, networkConnectionEnabled: false, pageLoadStrategy: normal, platform: WINDOWS, platformName: WINDOWS, proxy: Proxy(), setWindowRect: true, strictFileInteractability: false, timeouts: {implicit: 0, pageLoad: 300000, script: 30000}, unhandledPromptBehavior: dismiss and notify, webauthn:extension:credBlob: true, webauthn:extension:largeBlob: true, webauthn:extension:minPinLength: true, webauthn:extension:prf: true, webauthn:virtualAuthenticators: true}
Session ID: 84164f0da4e59551a91f5325dc44d11b">
                <![CDATA[org.openqa.selenium.TimeoutException: Expected condition failed: waiting for element to be clickable: By.id: select2-hotels_city-container (tried for 10 second(s) with 500 milliseconds interval)
Build info: version: '4.0.0-alpha-2', revision: 'f148142cf8', time: '2019-07-01T20:55:26'
System info: host: 'BOX', ip: '192.168.1.252', os.name: 'Windows 11', os.arch: 'amd64', os.version: '10.0', java.version: '17.0.14'
Driver info: org.openqa.selenium.chrome.ChromeDriver
Capabilities {acceptInsecureCerts: false, browserName: chrome, browserVersion: 133.0.6943.127, chrome: {chromedriverVersion: 133.0.6943.126 (cffa127ce7b..., userDataDir: C:\Users\trvan\AppData\Loca...}, fedcm:accounts: true, goog:chromeOptions: {debuggerAddress: localhost:52215}, javascriptEnabled: true, networkConnectionEnabled: false, pageLoadStrategy: normal, platform: WINDOWS, platformName: WINDOWS, proxy: Proxy(), setWindowRect: true, strictFileInteractability: false, timeouts: {implicit: 0, pageLoad: 300000, script: 30000}, unhandledPromptBehavior: dismiss and notify, webauthn:extension:credBlob: true, webauthn:extension:largeBlob: true, webauthn:extension:minPinLength: true, webauthn:extension:prf: true, webauthn:virtualAuthenticators: true}
Session ID: 84164f0da4e59551a91f5325dc44d11b
                org.openqa.selenium.support.ui.WebDriverWait.timeoutException(WebDriverWait.java:138)org.openqa.selenium.support.ui.FluentWait.until(FluentWait.java:234)F01.searchHotel(F01.java:32)F01.testCheckinBeforeCheckout(F01.java:72)java.base/jdk.internal.reflect.NativeMethodAccessorImpl.invoke0(Native Method)java.base/jdk.internal.reflect.NativeMethodAccessorImpl.invoke(NativeMethodAccessorImpl.java:77)java.base/jdk.internal.reflect.DelegatingMethodAccessorImpl.invoke(DelegatingMethodAccessorImpl.java:43)java.base/java.lang.reflect.Method.invoke(Method.java:569)org.testng.internal.invokers.MethodInvocationHelper.invokeMethod(MethodInvocationHelper.java:141)org.testng.internal.invokers.TestInvoker.invokeMethod(TestInvoker.java:686)org.testng.internal.invokers.TestInvoker.invokeTestMethod(TestInvoker.java:230)org.testng.internal.invokers.MethodRunner.runInSequence(MethodRunner.java:63)org.testng.internal.invokers.TestInvoker$MethodInvocationAgent.invoke(TestInvoker.java:992)org.testng.internal.invokers.TestInvoker.invokeTestMethods(TestInvoker.java:203)org.testng.internal.invokers.TestMethodWorker.invokeTestMethods(TestMethodWorker.java:154)org.testng.internal.invokers.TestMethodWorker.run(TestMethodWorker.java:134)java.base/java.util.ArrayList.forEach(ArrayList.java:1511)org.testng.TestRunner.privateRun(TestRunner.java:739)org.testng.TestRunner.run(TestRunner.java:614)org.testng.SuiteRunner.runTest(SuiteRunner.java:421)org.testng.SuiteRunner.runSequentially(SuiteRunner.java:413)org.testng.SuiteRunner.privateRun(SuiteRunner.java:373)org.testng.SuiteRunner.run(SuiteRunner.java:312)org.testng.SuiteRunnerWorker.runSuite(SuiteRunnerWorker.java:52)org.testng.SuiteRunnerWorker.run(SuiteRunnerWorker.java:95)org.testng.TestNG.runSuitesSequentially(TestNG.java:1274)org.testng.TestNG.runSuitesLocally(TestNG.java:1208)org.testng.TestNG.runSuites(TestNG.java:1112)org.testng.TestNG.run(TestNG.java:1079)com.microsoft.java.test.runner.testng.TestNGRunner.run(TestNGRunner.java:45)com.microsoft.java.test.runner.testng.TestNGLauncher.execute(TestNGLauncher.java:32)com.microsoft.java.test.runner.Launcher.main(Launcher.java:57)
]]>
            </failure>
    </testcase>
            <testcase
                name="testPastCheckinDate"
                time="0.003"
                classname="F01">

            <failure type="org.openqa.selenium.WebDriverException" message="java.net.ConnectException: Failed to connect to localhost/[0:0:0:0:0:0:0:1]:32807
Build info: version: &apos;4.0.0-alpha-2&apos;, revision: &apos;f148142cf8&apos;, time: &apos;2019-07-01T20:55:26&apos;
System info: host: &apos;BOX&apos;, ip: &apos;192.168.1.252&apos;, os.name: &apos;Windows 11&apos;, os.arch: &apos;amd64&apos;, os.version: &apos;10.0&apos;, java.version: &apos;17.0.14&apos;
Driver info: driver.version: RemoteWebDriver">
                <![CDATA[org.openqa.selenium.WebDriverException: java.net.ConnectException: Failed to connect to localhost/[0:0:0:0:0:0:0:1]:32807
Build info: version: '4.0.0-alpha-2', revision: 'f148142cf8', time: '2019-07-01T20:55:26'
System info: host: 'BOX', ip: '192.168.1.252', os.name: 'Windows 11', os.arch: 'amd64', os.version: '10.0', java.version: '17.0.14'
Driver info: driver.version: RemoteWebDriver
                org.openqa.selenium.remote.service.DriverCommandExecutor.execute(DriverCommandExecutor.java:92)org.openqa.selenium.remote.RemoteWebDriver.execute(RemoteWebDriver.java:576)org.openqa.selenium.remote.RemoteWebDriver.findElement(RemoteWebDriver.java:327)org.openqa.selenium.remote.RemoteWebDriver.findElementById(RemoteWebDriver.java:375)org.openqa.selenium.By$ById.findElement(By.java:188)org.openqa.selenium.remote.RemoteWebDriver.findElement(RemoteWebDriver.java:319)org.openqa.selenium.support.ui.ExpectedConditions$7.apply(ExpectedConditions.java:205)org.openqa.selenium.support.ui.ExpectedConditions$7.apply(ExpectedConditions.java:201)org.openqa.selenium.support.ui.ExpectedConditions$22.apply(ExpectedConditions.java:641)org.openqa.selenium.support.ui.ExpectedConditions$22.apply(ExpectedConditions.java:638)org.openqa.selenium.support.ui.FluentWait.until(FluentWait.java:211)F01.searchHotel(F01.java:32)F01.testPastCheckinDate(F01.java:86)java.base/jdk.internal.reflect.NativeMethodAccessorImpl.invoke0(Native Method)java.base/jdk.internal.reflect.NativeMethodAccessorImpl.invoke(NativeMethodAccessorImpl.java:77)java.base/jdk.internal.reflect.DelegatingMethodAccessorImpl.invoke(DelegatingMethodAccessorImpl.java:43)java.base/java.lang.reflect.Method.invoke(Method.java:569)org.testng.internal.invokers.MethodInvocationHelper.invokeMethod(MethodInvocationHelper.java:141)org.testng.internal.invokers.TestInvoker.invokeMethod(TestInvoker.java:686)org.testng.internal.invokers.TestInvoker.invokeTestMethod(TestInvoker.java:230)org.testng.internal.invokers.MethodRunner.runInSequence(MethodRunner.java:63)org.testng.internal.invokers.TestInvoker$MethodInvocationAgent.invoke(TestInvoker.java:992)org.testng.internal.invokers.TestInvoker.invokeTestMethods(TestInvoker.java:203)org.testng.internal.invokers.TestMethodWorker.invokeTestMethods(TestMethodWorker.java:154)org.testng.internal.invokers.TestMethodWorker.run(TestMethodWorker.java:134)java.base/java.util.ArrayList.forEach(ArrayList.java:1511)org.testng.TestRunner.privateRun(TestRunner.java:739)org.testng.TestRunner.run(TestRunner.java:614)org.testng.SuiteRunner.runTest(SuiteRunner.java:421)org.testng.SuiteRunner.runSequentially(SuiteRunner.java:413)org.testng.SuiteRunner.privateRun(SuiteRunner.java:373)org.testng.SuiteRunner.run(SuiteRunner.java:312)org.testng.SuiteRunnerWorker.runSuite(SuiteRunnerWorker.java:52)org.testng.SuiteRunnerWorker.run(SuiteRunnerWorker.java:95)org.testng.TestNG.runSuitesSequentially(TestNG.java:1274)org.testng.TestNG.runSuitesLocally(TestNG.java:1208)org.testng.TestNG.runSuites(TestNG.java:1112)org.testng.TestNG.run(TestNG.java:1079)com.microsoft.java.test.runner.testng.TestNGRunner.run(TestNGRunner.java:45)com.microsoft.java.test.runner.testng.TestNGLauncher.execute(TestNGLauncher.java:32)com.microsoft.java.test.runner.Launcher.main(Launcher.java:57)
                    Caused by: java.net.ConnectException: Failed to connect to localhost/[0:0:0:0:0:0:0:1]:32807
                    okhttp3.internal.connection.RealConnection.connectSocket(RealConnection.java:265)okhttp3.internal.connection.RealConnection.connect(RealConnection.java:183)okhttp3.internal.connection.ExchangeFinder.findConnection(ExchangeFinder.java:224)okhttp3.internal.connection.ExchangeFinder.findHealthyConnection(ExchangeFinder.java:107)okhttp3.internal.connection.ExchangeFinder.find(ExchangeFinder.java:87)okhttp3.internal.connection.Transmitter.newExchange(Transmitter.java:162)okhttp3.internal.connection.ConnectInterceptor.intercept(ConnectInterceptor.java:41)okhttp3.internal.http.RealInterceptorChain.proceed(RealInterceptorChain.java:142)okhttp3.internal.http.RealInterceptorChain.proceed(RealInterceptorChain.java:117)okhttp3.internal.cache.CacheInterceptor.intercept(CacheInterceptor.java:94)okhttp3.internal.http.RealInterceptorChain.proceed(RealInterceptorChain.java:142)okhttp3.internal.http.RealInterceptorChain.proceed(RealInterceptorChain.java:117)okhttp3.internal.http.BridgeInterceptor.intercept(BridgeInterceptor.java:93)okhttp3.internal.http.RealInterceptorChain.proceed(RealInterceptorChain.java:142)okhttp3.internal.http.RetryAndFollowUpInterceptor.intercept(RetryAndFollowUpInterceptor.java:88)okhttp3.internal.http.RealInterceptorChain.proceed(RealInterceptorChain.java:142)okhttp3.internal.http.RealInterceptorChain.proceed(RealInterceptorChain.java:117)okhttp3.RealCall.getResponseWithInterceptorChain(RealCall.java:221)okhttp3.RealCall.execute(RealCall.java:81)org.openqa.selenium.remote.internal.OkHttpClient.execute(OkHttpClient.java:59)org.openqa.selenium.remote.HttpCommandExecutor.execute(HttpCommandExecutor.java:158)org.openqa.selenium.remote.service.DriverCommandExecutor.execute(DriverCommandExecutor.java:83)org.openqa.selenium.remote.RemoteWebDriver.execute(RemoteWebDriver.java:576)org.openqa.selenium.remote.RemoteWebDriver.findElement(RemoteWebDriver.java:327)org.openqa.selenium.remote.RemoteWebDriver.findElementById(RemoteWebDriver.java:375)org.openqa.selenium.By$ById.findElement(By.java:188)org.openqa.selenium.remote.RemoteWebDriver.findElement(RemoteWebDriver.java:319)org.openqa.selenium.support.ui.ExpectedConditions$7.apply(ExpectedConditions.java:205)org.openqa.selenium.support.ui.ExpectedConditions$7.apply(ExpectedConditions.java:201)org.openqa.selenium.support.ui.ExpectedConditions$22.apply(ExpectedConditions.java:641)org.openqa.selenium.support.ui.ExpectedConditions$22.apply(ExpectedConditions.java:638)org.openqa.selenium.support.ui.FluentWait.until(FluentWait.java:211)F01.searchHotel(F01.java:32)F01.testPastCheckinDate(F01.java:86)java.base/jdk.internal.reflect.NativeMethodAccessorImpl.invoke0(Native Method)java.base/jdk.internal.reflect.NativeMethodAccessorImpl.invoke(NativeMethodAccessorImpl.java:77)java.base/jdk.internal.reflect.DelegatingMethodAccessorImpl.invoke(DelegatingMethodAccessorImpl.java:43)java.base/java.lang.reflect.Method.invoke(Method.java:569)org.testng.internal.invokers.MethodInvocationHelper.invokeMethod(MethodInvocationHelper.java:141)org.testng.internal.invokers.TestInvoker.invokeMethod(TestInvoker.java:686)org.testng.internal.invokers.TestInvoker.invokeTestMethod(TestInvoker.java:230)org.testng.internal.invokers.MethodRunner.runInSequence(MethodRunner.java:63)org.testng.internal.invokers.TestInvoker$MethodInvocationAgent.invoke(TestInvoker.java:992)org.testng.internal.invokers.TestInvoker.invokeTestMethods(TestInvoker.java:203)org.testng.internal.invokers.TestMethodWorker.invokeTestMethods(TestMethodWorker.java:154)org.testng.internal.invokers.TestMethodWorker.run(TestMethodWorker.java:134)java.base/java.util.ArrayList.forEach(ArrayList.java:1511)org.testng.TestRunner.privateRun(TestRunner.java:739)org.testng.TestRunner.run(TestRunner.java:614)org.testng.SuiteRunner.runTest(SuiteRunner.java:421)org.testng.SuiteRunner.runSequentially(SuiteRunner.java:413)org.testng.SuiteRunner.privateRun(SuiteRunner.java:373)org.testng.SuiteRunner.run(SuiteRunner.java:312)org.testng.SuiteRunnerWorker.runSuite(SuiteRunnerWorker.java:52)org.testng.SuiteRunnerWorker.run(SuiteRunnerWorker.java:95)org.testng.TestNG.runSuitesSequentially(TestNG.java:1274)org.testng.TestNG.runSuitesLocally(TestNG.java:1208)org.testng.TestNG.runSuites(TestNG.java:1112)org.testng.TestNG.run(TestNG.java:1079)com.microsoft.java.test.runner.testng.TestNGRunner.run(TestNGRunner.java:45)com.microsoft.java.test.runner.testng.TestNGLauncher.execute(TestNGLauncher.java:32)com.microsoft.java.test.runner.Launcher.main(Launcher.java:57)
                                    Caused by: java.net.ConnectException: Connection refused: getsockopt
                    java.base/sun.nio.ch.Net.pollConnect(Native Method)java.base/sun.nio.ch.Net.pollConnectNow(Net.java:672)java.base/sun.nio.ch.NioSocketImpl.timedFinishConnect(NioSocketImpl.java:547)java.base/sun.nio.ch.NioSocketImpl.connect(NioSocketImpl.java:602)java.base/java.net.SocksSocketImpl.connect(SocksSocketImpl.java:327)java.base/java.net.Socket.connect(Socket.java:633)okhttp3.internal.platform.Platform.connectSocket(Platform.java:130)okhttp3.internal.connection.RealConnection.connectSocket(RealConnection.java:263)okhttp3.internal.connection.RealConnection.connect(RealConnection.java:183)okhttp3.internal.connection.ExchangeFinder.findConnection(ExchangeFinder.java:224)okhttp3.internal.connection.ExchangeFinder.findHealthyConnection(ExchangeFinder.java:107)okhttp3.internal.connection.ExchangeFinder.find(ExchangeFinder.java:87)okhttp3.internal.connection.Transmitter.newExchange(Transmitter.java:162)okhttp3.internal.connection.ConnectInterceptor.intercept(ConnectInterceptor.java:41)okhttp3.internal.http.RealInterceptorChain.proceed(RealInterceptorChain.java:142)okhttp3.internal.http.RealInterceptorChain.proceed(RealInterceptorChain.java:117)okhttp3.internal.cache.CacheInterceptor.intercept(CacheInterceptor.java:94)okhttp3.internal.http.RealInterceptorChain.proceed(RealInterceptorChain.java:142)okhttp3.internal.http.RealInterceptorChain.proceed(RealInterceptorChain.java:117)okhttp3.internal.http.BridgeInterceptor.intercept(BridgeInterceptor.java:93)okhttp3.internal.http.RealInterceptorChain.proceed(RealInterceptorChain.java:142)okhttp3.internal.http.RetryAndFollowUpInterceptor.intercept(RetryAndFollowUpInterceptor.java:88)okhttp3.internal.http.RealInterceptorChain.proceed(RealInterceptorChain.java:142)okhttp3.internal.http.RealInterceptorChain.proceed(RealInterceptorChain.java:117)okhttp3.RealCall.getResponseWithInterceptorChain(RealCall.java:221)okhttp3.RealCall.execute(RealCall.java:81)org.openqa.selenium.remote.internal.OkHttpClient.execute(OkHttpClient.java:59)org.openqa.selenium.remote.HttpCommandExecutor.execute(HttpCommandExecutor.java:158)org.openqa.selenium.remote.service.DriverCommandExecutor.execute(DriverCommandExecutor.java:83)org.openqa.selenium.remote.RemoteWebDriver.execute(RemoteWebDriver.java:576)org.openqa.selenium.remote.RemoteWebDriver.findElement(RemoteWebDriver.java:327)org.openqa.selenium.remote.RemoteWebDriver.findElementById(RemoteWebDriver.java:375)org.openqa.selenium.By$ById.findElement(By.java:188)org.openqa.selenium.remote.RemoteWebDriver.findElement(RemoteWebDriver.java:319)org.openqa.selenium.support.ui.ExpectedConditions$7.apply(ExpectedConditions.java:205)org.openqa.selenium.support.ui.ExpectedConditions$7.apply(ExpectedConditions.java:201)org.openqa.selenium.support.ui.ExpectedConditions$22.apply(ExpectedConditions.java:641)org.openqa.selenium.support.ui.ExpectedConditions$22.apply(ExpectedConditions.java:638)org.openqa.selenium.support.ui.FluentWait.until(FluentWait.java:211)F01.searchHotel(F01.java:32)F01.testPastCheckinDate(F01.java:86)java.base/jdk.internal.reflect.NativeMethodAccessorImpl.invoke0(Native Method)java.base/jdk.internal.reflect.NativeMethodAccessorImpl.invoke(NativeMethodAccessorImpl.java:77)java.base/jdk.internal.reflect.DelegatingMethodAccessorImpl.invoke(DelegatingMethodAccessorImpl.java:43)java.base/java.lang.reflect.Method.invoke(Method.java:569)org.testng.internal.invokers.MethodInvocationHelper.invokeMethod(MethodInvocationHelper.java:141)org.testng.internal.invokers.TestInvoker.invokeMethod(TestInvoker.java:686)org.testng.internal.invokers.TestInvoker.invokeTestMethod(TestInvoker.java:230)org.testng.internal.invokers.MethodRunner.runInSequence(MethodRunner.java:63)org.testng.internal.invokers.TestInvoker$MethodInvocationAgent.invoke(TestInvoker.java:992)org.testng.internal.invokers.TestInvoker.invokeTestMethods(TestInvoker.java:203)org.testng.internal.invokers.TestMethodWorker.invokeTestMethods(TestMethodWorker.java:154)org.testng.internal.invokers.TestMethodWorker.run(TestMethodWorker.java:134)java.base/java.util.ArrayList.forEach(ArrayList.java:1511)org.testng.TestRunner.privateRun(TestRunner.java:739)org.testng.TestRunner.run(TestRunner.java:614)org.testng.SuiteRunner.runTest(SuiteRunner.java:421)org.testng.SuiteRunner.runSequentially(SuiteRunner.java:413)org.testng.SuiteRunner.privateRun(SuiteRunner.java:373)org.testng.SuiteRunner.run(SuiteRunner.java:312)org.testng.SuiteRunnerWorker.runSuite(SuiteRunnerWorker.java:52)org.testng.SuiteRunnerWorker.run(SuiteRunnerWorker.java:95)org.testng.TestNG.runSuitesSequentially(TestNG.java:1274)org.testng.TestNG.runSuitesLocally(TestNG.java:1208)org.testng.TestNG.runSuites(TestNG.java:1112)org.testng.TestNG.run(TestNG.java:1079)com.microsoft.java.test.runner.testng.TestNGRunner.run(TestNGRunner.java:45)com.microsoft.java.test.runner.testng.TestNGLauncher.execute(TestNGLauncher.java:32)com.microsoft.java.test.runner.Launcher.main(Launcher.java:57)
                ]]>
            </failure>
    </testcase>
            <testcase
                name="testValidHotel"
                time="0.002"
                classname="F01">

            <failure type="org.openqa.selenium.WebDriverException" message="java.net.ConnectException: Failed to connect to localhost/[0:0:0:0:0:0:0:1]:32807
Build info: version: &apos;4.0.0-alpha-2&apos;, revision: &apos;f148142cf8&apos;, time: &apos;2019-07-01T20:55:26&apos;
System info: host: &apos;BOX&apos;, ip: &apos;192.168.1.252&apos;, os.name: &apos;Windows 11&apos;, os.arch: &apos;amd64&apos;, os.version: &apos;10.0&apos;, java.version: &apos;17.0.14&apos;
Driver info: driver.version: RemoteWebDriver">
                <![CDATA[org.openqa.selenium.WebDriverException: java.net.ConnectException: Failed to connect to localhost/[0:0:0:0:0:0:0:1]:32807
Build info: version: '4.0.0-alpha-2', revision: 'f148142cf8', time: '2019-07-01T20:55:26'
System info: host: 'BOX', ip: '192.168.1.252', os.name: 'Windows 11', os.arch: 'amd64', os.version: '10.0', java.version: '17.0.14'
Driver info: driver.version: RemoteWebDriver
                org.openqa.selenium.remote.service.DriverCommandExecutor.execute(DriverCommandExecutor.java:92)org.openqa.selenium.remote.RemoteWebDriver.execute(RemoteWebDriver.java:576)org.openqa.selenium.remote.RemoteWebDriver.findElement(RemoteWebDriver.java:327)org.openqa.selenium.remote.RemoteWebDriver.findElementById(RemoteWebDriver.java:375)org.openqa.selenium.By$ById.findElement(By.java:188)org.openqa.selenium.remote.RemoteWebDriver.findElement(RemoteWebDriver.java:319)org.openqa.selenium.support.ui.ExpectedConditions$7.apply(ExpectedConditions.java:205)org.openqa.selenium.support.ui.ExpectedConditions$7.apply(ExpectedConditions.java:201)org.openqa.selenium.support.ui.ExpectedConditions$22.apply(ExpectedConditions.java:641)org.openqa.selenium.support.ui.ExpectedConditions$22.apply(ExpectedConditions.java:638)org.openqa.selenium.support.ui.FluentWait.until(FluentWait.java:211)F01.searchHotel(F01.java:32)F01.testValidHotel(F01.java:58)java.base/jdk.internal.reflect.NativeMethodAccessorImpl.invoke0(Native Method)java.base/jdk.internal.reflect.NativeMethodAccessorImpl.invoke(NativeMethodAccessorImpl.java:77)java.base/jdk.internal.reflect.DelegatingMethodAccessorImpl.invoke(DelegatingMethodAccessorImpl.java:43)java.base/java.lang.reflect.Method.invoke(Method.java:569)org.testng.internal.invokers.MethodInvocationHelper.invokeMethod(MethodInvocationHelper.java:141)org.testng.internal.invokers.TestInvoker.invokeMethod(TestInvoker.java:686)org.testng.internal.invokers.TestInvoker.invokeTestMethod(TestInvoker.java:230)org.testng.internal.invokers.MethodRunner.runInSequence(MethodRunner.java:63)org.testng.internal.invokers.TestInvoker$MethodInvocationAgent.invoke(TestInvoker.java:992)org.testng.internal.invokers.TestInvoker.invokeTestMethods(TestInvoker.java:203)org.testng.internal.invokers.TestMethodWorker.invokeTestMethods(TestMethodWorker.java:154)org.testng.internal.invokers.TestMethodWorker.run(TestMethodWorker.java:134)java.base/java.util.ArrayList.forEach(ArrayList.java:1511)org.testng.TestRunner.privateRun(TestRunner.java:739)org.testng.TestRunner.run(TestRunner.java:614)org.testng.SuiteRunner.runTest(SuiteRunner.java:421)org.testng.SuiteRunner.runSequentially(SuiteRunner.java:413)org.testng.SuiteRunner.privateRun(SuiteRunner.java:373)org.testng.SuiteRunner.run(SuiteRunner.java:312)org.testng.SuiteRunnerWorker.runSuite(SuiteRunnerWorker.java:52)org.testng.SuiteRunnerWorker.run(SuiteRunnerWorker.java:95)org.testng.TestNG.runSuitesSequentially(TestNG.java:1274)org.testng.TestNG.runSuitesLocally(TestNG.java:1208)org.testng.TestNG.runSuites(TestNG.java:1112)org.testng.TestNG.run(TestNG.java:1079)com.microsoft.java.test.runner.testng.TestNGRunner.run(TestNGRunner.java:45)com.microsoft.java.test.runner.testng.TestNGLauncher.execute(TestNGLauncher.java:32)com.microsoft.java.test.runner.Launcher.main(Launcher.java:57)
                    Caused by: java.net.ConnectException: Failed to connect to localhost/[0:0:0:0:0:0:0:1]:32807
                    okhttp3.internal.connection.RealConnection.connectSocket(RealConnection.java:265)okhttp3.internal.connection.RealConnection.connect(RealConnection.java:183)okhttp3.internal.connection.ExchangeFinder.findConnection(ExchangeFinder.java:224)okhttp3.internal.connection.ExchangeFinder.findHealthyConnection(ExchangeFinder.java:107)okhttp3.internal.connection.ExchangeFinder.find(ExchangeFinder.java:87)okhttp3.internal.connection.Transmitter.newExchange(Transmitter.java:162)okhttp3.internal.connection.ConnectInterceptor.intercept(ConnectInterceptor.java:41)okhttp3.internal.http.RealInterceptorChain.proceed(RealInterceptorChain.java:142)okhttp3.internal.http.RealInterceptorChain.proceed(RealInterceptorChain.java:117)okhttp3.internal.cache.CacheInterceptor.intercept(CacheInterceptor.java:94)okhttp3.internal.http.RealInterceptorChain.proceed(RealInterceptorChain.java:142)okhttp3.internal.http.RealInterceptorChain.proceed(RealInterceptorChain.java:117)okhttp3.internal.http.BridgeInterceptor.intercept(BridgeInterceptor.java:93)okhttp3.internal.http.RealInterceptorChain.proceed(RealInterceptorChain.java:142)okhttp3.internal.http.RetryAndFollowUpInterceptor.intercept(RetryAndFollowUpInterceptor.java:88)okhttp3.internal.http.RealInterceptorChain.proceed(RealInterceptorChain.java:142)okhttp3.internal.http.RealInterceptorChain.proceed(RealInterceptorChain.java:117)okhttp3.RealCall.getResponseWithInterceptorChain(RealCall.java:221)okhttp3.RealCall.execute(RealCall.java:81)org.openqa.selenium.remote.internal.OkHttpClient.execute(OkHttpClient.java:59)org.openqa.selenium.remote.HttpCommandExecutor.execute(HttpCommandExecutor.java:158)org.openqa.selenium.remote.service.DriverCommandExecutor.execute(DriverCommandExecutor.java:83)org.openqa.selenium.remote.RemoteWebDriver.execute(RemoteWebDriver.java:576)org.openqa.selenium.remote.RemoteWebDriver.findElement(RemoteWebDriver.java:327)org.openqa.selenium.remote.RemoteWebDriver.findElementById(RemoteWebDriver.java:375)org.openqa.selenium.By$ById.findElement(By.java:188)org.openqa.selenium.remote.RemoteWebDriver.findElement(RemoteWebDriver.java:319)org.openqa.selenium.support.ui.ExpectedConditions$7.apply(ExpectedConditions.java:205)org.openqa.selenium.support.ui.ExpectedConditions$7.apply(ExpectedConditions.java:201)org.openqa.selenium.support.ui.ExpectedConditions$22.apply(ExpectedConditions.java:641)org.openqa.selenium.support.ui.ExpectedConditions$22.apply(ExpectedConditions.java:638)org.openqa.selenium.support.ui.FluentWait.until(FluentWait.java:211)F01.searchHotel(F01.java:32)F01.testValidHotel(F01.java:58)java.base/jdk.internal.reflect.NativeMethodAccessorImpl.invoke0(Native Method)java.base/jdk.internal.reflect.NativeMethodAccessorImpl.invoke(NativeMethodAccessorImpl.java:77)java.base/jdk.internal.reflect.DelegatingMethodAccessorImpl.invoke(DelegatingMethodAccessorImpl.java:43)java.base/java.lang.reflect.Method.invoke(Method.java:569)org.testng.internal.invokers.MethodInvocationHelper.invokeMethod(MethodInvocationHelper.java:141)org.testng.internal.invokers.TestInvoker.invokeMethod(TestInvoker.java:686)org.testng.internal.invokers.TestInvoker.invokeTestMethod(TestInvoker.java:230)org.testng.internal.invokers.MethodRunner.runInSequence(MethodRunner.java:63)org.testng.internal.invokers.TestInvoker$MethodInvocationAgent.invoke(TestInvoker.java:992)org.testng.internal.invokers.TestInvoker.invokeTestMethods(TestInvoker.java:203)org.testng.internal.invokers.TestMethodWorker.invokeTestMethods(TestMethodWorker.java:154)org.testng.internal.invokers.TestMethodWorker.run(TestMethodWorker.java:134)java.base/java.util.ArrayList.forEach(ArrayList.java:1511)org.testng.TestRunner.privateRun(TestRunner.java:739)org.testng.TestRunner.run(TestRunner.java:614)org.testng.SuiteRunner.runTest(SuiteRunner.java:421)org.testng.SuiteRunner.runSequentially(SuiteRunner.java:413)org.testng.SuiteRunner.privateRun(SuiteRunner.java:373)org.testng.SuiteRunner.run(SuiteRunner.java:312)org.testng.SuiteRunnerWorker.runSuite(SuiteRunnerWorker.java:52)org.testng.SuiteRunnerWorker.run(SuiteRunnerWorker.java:95)org.testng.TestNG.runSuitesSequentially(TestNG.java:1274)org.testng.TestNG.runSuitesLocally(TestNG.java:1208)org.testng.TestNG.runSuites(TestNG.java:1112)org.testng.TestNG.run(TestNG.java:1079)com.microsoft.java.test.runner.testng.TestNGRunner.run(TestNGRunner.java:45)com.microsoft.java.test.runner.testng.TestNGLauncher.execute(TestNGLauncher.java:32)com.microsoft.java.test.runner.Launcher.main(Launcher.java:57)
                                    Caused by: java.net.ConnectException: Connection refused: getsockopt
                    java.base/sun.nio.ch.Net.pollConnect(Native Method)java.base/sun.nio.ch.Net.pollConnectNow(Net.java:672)java.base/sun.nio.ch.NioSocketImpl.timedFinishConnect(NioSocketImpl.java:547)java.base/sun.nio.ch.NioSocketImpl.connect(NioSocketImpl.java:602)java.base/java.net.SocksSocketImpl.connect(SocksSocketImpl.java:327)java.base/java.net.Socket.connect(Socket.java:633)okhttp3.internal.platform.Platform.connectSocket(Platform.java:130)okhttp3.internal.connection.RealConnection.connectSocket(RealConnection.java:263)okhttp3.internal.connection.RealConnection.connect(RealConnection.java:183)okhttp3.internal.connection.ExchangeFinder.findConnection(ExchangeFinder.java:224)okhttp3.internal.connection.ExchangeFinder.findHealthyConnection(ExchangeFinder.java:107)okhttp3.internal.connection.ExchangeFinder.find(ExchangeFinder.java:87)okhttp3.internal.connection.Transmitter.newExchange(Transmitter.java:162)okhttp3.internal.connection.ConnectInterceptor.intercept(ConnectInterceptor.java:41)okhttp3.internal.http.RealInterceptorChain.proceed(RealInterceptorChain.java:142)okhttp3.internal.http.RealInterceptorChain.proceed(RealInterceptorChain.java:117)okhttp3.internal.cache.CacheInterceptor.intercept(CacheInterceptor.java:94)okhttp3.internal.http.RealInterceptorChain.proceed(RealInterceptorChain.java:142)okhttp3.internal.http.RealInterceptorChain.proceed(RealInterceptorChain.java:117)okhttp3.internal.http.BridgeInterceptor.intercept(BridgeInterceptor.java:93)okhttp3.internal.http.RealInterceptorChain.proceed(RealInterceptorChain.java:142)okhttp3.internal.http.RetryAndFollowUpInterceptor.intercept(RetryAndFollowUpInterceptor.java:88)okhttp3.internal.http.RealInterceptorChain.proceed(RealInterceptorChain.java:142)okhttp3.internal.http.RealInterceptorChain.proceed(RealInterceptorChain.java:117)okhttp3.RealCall.getResponseWithInterceptorChain(RealCall.java:221)okhttp3.RealCall.execute(RealCall.java:81)org.openqa.selenium.remote.internal.OkHttpClient.execute(OkHttpClient.java:59)org.openqa.selenium.remote.HttpCommandExecutor.execute(HttpCommandExecutor.java:158)org.openqa.selenium.remote.service.DriverCommandExecutor.execute(DriverCommandExecutor.java:83)org.openqa.selenium.remote.RemoteWebDriver.execute(RemoteWebDriver.java:576)org.openqa.selenium.remote.RemoteWebDriver.findElement(RemoteWebDriver.java:327)org.openqa.selenium.remote.RemoteWebDriver.findElementById(RemoteWebDriver.java:375)org.openqa.selenium.By$ById.findElement(By.java:188)org.openqa.selenium.remote.RemoteWebDriver.findElement(RemoteWebDriver.java:319)org.openqa.selenium.support.ui.ExpectedConditions$7.apply(ExpectedConditions.java:205)org.openqa.selenium.support.ui.ExpectedConditions$7.apply(ExpectedConditions.java:201)org.openqa.selenium.support.ui.ExpectedConditions$22.apply(ExpectedConditions.java:641)org.openqa.selenium.support.ui.ExpectedConditions$22.apply(ExpectedConditions.java:638)org.openqa.selenium.support.ui.FluentWait.until(FluentWait.java:211)F01.searchHotel(F01.java:32)F01.testValidHotel(F01.java:58)java.base/jdk.internal.reflect.NativeMethodAccessorImpl.invoke0(Native Method)java.base/jdk.internal.reflect.NativeMethodAccessorImpl.invoke(NativeMethodAccessorImpl.java:77)java.base/jdk.internal.reflect.DelegatingMethodAccessorImpl.invoke(DelegatingMethodAccessorImpl.java:43)java.base/java.lang.reflect.Method.invoke(Method.java:569)org.testng.internal.invokers.MethodInvocationHelper.invokeMethod(MethodInvocationHelper.java:141)org.testng.internal.invokers.TestInvoker.invokeMethod(TestInvoker.java:686)org.testng.internal.invokers.TestInvoker.invokeTestMethod(TestInvoker.java:230)org.testng.internal.invokers.MethodRunner.runInSequence(MethodRunner.java:63)org.testng.internal.invokers.TestInvoker$MethodInvocationAgent.invoke(TestInvoker.java:992)org.testng.internal.invokers.TestInvoker.invokeTestMethods(TestInvoker.java:203)org.testng.internal.invokers.TestMethodWorker.invokeTestMethods(TestMethodWorker.java:154)org.testng.internal.invokers.TestMethodWorker.run(TestMethodWorker.java:134)java.base/java.util.ArrayList.forEach(ArrayList.java:1511)org.testng.TestRunner.privateRun(TestRunner.java:739)org.testng.TestRunner.run(TestRunner.java:614)org.testng.SuiteRunner.runTest(SuiteRunner.java:421)org.testng.SuiteRunner.runSequentially(SuiteRunner.java:413)org.testng.SuiteRunner.privateRun(SuiteRunner.java:373)org.testng.SuiteRunner.run(SuiteRunner.java:312)org.testng.SuiteRunnerWorker.runSuite(SuiteRunnerWorker.java:52)org.testng.SuiteRunnerWorker.run(SuiteRunnerWorker.java:95)org.testng.TestNG.runSuitesSequentially(TestNG.java:1274)org.testng.TestNG.runSuitesLocally(TestNG.java:1208)org.testng.TestNG.runSuites(TestNG.java:1112)org.testng.TestNG.run(TestNG.java:1079)com.microsoft.java.test.runner.testng.TestNGRunner.run(TestNGRunner.java:45)com.microsoft.java.test.runner.testng.TestNGLauncher.execute(TestNGLauncher.java:32)com.microsoft.java.test.runner.Launcher.main(Launcher.java:57)
                ]]>
            </failure>
    </testcase>
            <testcase
                name="testSearchWithoutLocation"
                time="0.024"
                classname="F01">

            <failure type="org.openqa.selenium.WebDriverException" message="java.net.ConnectException: Failed to connect to localhost/[0:0:0:0:0:0:0:1]:32807
Build info: version: &apos;4.0.0-alpha-2&apos;, revision: &apos;f148142cf8&apos;, time: &apos;2019-07-01T20:55:26&apos;
System info: host: &apos;BOX&apos;, ip: &apos;192.168.1.252&apos;, os.name: &apos;Windows 11&apos;, os.arch: &apos;amd64&apos;, os.version: &apos;10.0&apos;, java.version: &apos;17.0.14&apos;
Driver info: driver.version: RemoteWebDriver">
                <![CDATA[org.openqa.selenium.WebDriverException: java.net.ConnectException: Failed to connect to localhost/[0:0:0:0:0:0:0:1]:32807
Build info: version: '4.0.0-alpha-2', revision: 'f148142cf8', time: '2019-07-01T20:55:26'
System info: host: 'BOX', ip: '192.168.1.252', os.name: 'Windows 11', os.arch: 'amd64', os.version: '10.0', java.version: '17.0.14'
Driver info: driver.version: RemoteWebDriver
                org.openqa.selenium.remote.service.DriverCommandExecutor.execute(DriverCommandExecutor.java:92)org.openqa.selenium.remote.RemoteWebDriver.execute(RemoteWebDriver.java:576)org.openqa.selenium.remote.RemoteWebDriver.findElement(RemoteWebDriver.java:327)org.openqa.selenium.remote.RemoteWebDriver.findElementById(RemoteWebDriver.java:375)org.openqa.selenium.By$ById.findElement(By.java:188)org.openqa.selenium.remote.RemoteWebDriver.findElement(RemoteWebDriver.java:319)F01.searchHotel(F01.java:41)F01.testSearchWithoutLocation(F01.java:65)java.base/jdk.internal.reflect.NativeMethodAccessorImpl.invoke0(Native Method)java.base/jdk.internal.reflect.NativeMethodAccessorImpl.invoke(NativeMethodAccessorImpl.java:77)java.base/jdk.internal.reflect.DelegatingMethodAccessorImpl.invoke(DelegatingMethodAccessorImpl.java:43)java.base/java.lang.reflect.Method.invoke(Method.java:569)org.testng.internal.invokers.MethodInvocationHelper.invokeMethod(MethodInvocationHelper.java:141)org.testng.internal.invokers.TestInvoker.invokeMethod(TestInvoker.java:686)org.testng.internal.invokers.TestInvoker.invokeTestMethod(TestInvoker.java:230)org.testng.internal.invokers.MethodRunner.runInSequence(MethodRunner.java:63)org.testng.internal.invokers.TestInvoker$MethodInvocationAgent.invoke(TestInvoker.java:992)org.testng.internal.invokers.TestInvoker.invokeTestMethods(TestInvoker.java:203)org.testng.internal.invokers.TestMethodWorker.invokeTestMethods(TestMethodWorker.java:154)org.testng.internal.invokers.TestMethodWorker.run(TestMethodWorker.java:134)java.base/java.util.ArrayList.forEach(ArrayList.java:1511)org.testng.TestRunner.privateRun(TestRunner.java:739)org.testng.TestRunner.run(TestRunner.java:614)org.testng.SuiteRunner.runTest(SuiteRunner.java:421)org.testng.SuiteRunner.runSequentially(SuiteRunner.java:413)org.testng.SuiteRunner.privateRun(SuiteRunner.java:373)org.testng.SuiteRunner.run(SuiteRunner.java:312)org.testng.SuiteRunnerWorker.runSuite(SuiteRunnerWorker.java:52)org.testng.SuiteRunnerWorker.run(SuiteRunnerWorker.java:95)org.testng.TestNG.runSuitesSequentially(TestNG.java:1274)org.testng.TestNG.runSuitesLocally(TestNG.java:1208)org.testng.TestNG.runSuites(TestNG.java:1112)org.testng.TestNG.run(TestNG.java:1079)com.microsoft.java.test.runner.testng.TestNGRunner.run(TestNGRunner.java:45)com.microsoft.java.test.runner.testng.TestNGLauncher.execute(TestNGLauncher.java:32)com.microsoft.java.test.runner.Launcher.main(Launcher.java:57)
                    Caused by: java.net.ConnectException: Failed to connect to localhost/[0:0:0:0:0:0:0:1]:32807
                    okhttp3.internal.connection.RealConnection.connectSocket(RealConnection.java:265)okhttp3.internal.connection.RealConnection.connect(RealConnection.java:183)okhttp3.internal.connection.ExchangeFinder.findConnection(ExchangeFinder.java:224)okhttp3.internal.connection.ExchangeFinder.findHealthyConnection(ExchangeFinder.java:107)okhttp3.internal.connection.ExchangeFinder.find(ExchangeFinder.java:87)okhttp3.internal.connection.Transmitter.newExchange(Transmitter.java:162)okhttp3.internal.connection.ConnectInterceptor.intercept(ConnectInterceptor.java:41)okhttp3.internal.http.RealInterceptorChain.proceed(RealInterceptorChain.java:142)okhttp3.internal.http.RealInterceptorChain.proceed(RealInterceptorChain.java:117)okhttp3.internal.cache.CacheInterceptor.intercept(CacheInterceptor.java:94)okhttp3.internal.http.RealInterceptorChain.proceed(RealInterceptorChain.java:142)okhttp3.internal.http.RealInterceptorChain.proceed(RealInterceptorChain.java:117)okhttp3.internal.http.BridgeInterceptor.intercept(BridgeInterceptor.java:93)okhttp3.internal.http.RealInterceptorChain.proceed(RealInterceptorChain.java:142)okhttp3.internal.http.RetryAndFollowUpInterceptor.intercept(RetryAndFollowUpInterceptor.java:88)okhttp3.internal.http.RealInterceptorChain.proceed(RealInterceptorChain.java:142)okhttp3.internal.http.RealInterceptorChain.proceed(RealInterceptorChain.java:117)okhttp3.RealCall.getResponseWithInterceptorChain(RealCall.java:221)okhttp3.RealCall.execute(RealCall.java:81)org.openqa.selenium.remote.internal.OkHttpClient.execute(OkHttpClient.java:59)org.openqa.selenium.remote.HttpCommandExecutor.execute(HttpCommandExecutor.java:158)org.openqa.selenium.remote.service.DriverCommandExecutor.execute(DriverCommandExecutor.java:83)org.openqa.selenium.remote.RemoteWebDriver.execute(RemoteWebDriver.java:576)org.openqa.selenium.remote.RemoteWebDriver.findElement(RemoteWebDriver.java:327)org.openqa.selenium.remote.RemoteWebDriver.findElementById(RemoteWebDriver.java:375)org.openqa.selenium.By$ById.findElement(By.java:188)org.openqa.selenium.remote.RemoteWebDriver.findElement(RemoteWebDriver.java:319)F01.searchHotel(F01.java:41)F01.testSearchWithoutLocation(F01.java:65)java.base/jdk.internal.reflect.NativeMethodAccessorImpl.invoke0(Native Method)java.base/jdk.internal.reflect.NativeMethodAccessorImpl.invoke(NativeMethodAccessorImpl.java:77)java.base/jdk.internal.reflect.DelegatingMethodAccessorImpl.invoke(DelegatingMethodAccessorImpl.java:43)java.base/java.lang.reflect.Method.invoke(Method.java:569)org.testng.internal.invokers.MethodInvocationHelper.invokeMethod(MethodInvocationHelper.java:141)org.testng.internal.invokers.TestInvoker.invokeMethod(TestInvoker.java:686)org.testng.internal.invokers.TestInvoker.invokeTestMethod(TestInvoker.java:230)org.testng.internal.invokers.MethodRunner.runInSequence(MethodRunner.java:63)org.testng.internal.invokers.TestInvoker$MethodInvocationAgent.invoke(TestInvoker.java:992)org.testng.internal.invokers.TestInvoker.invokeTestMethods(TestInvoker.java:203)org.testng.internal.invokers.TestMethodWorker.invokeTestMethods(TestMethodWorker.java:154)org.testng.internal.invokers.TestMethodWorker.run(TestMethodWorker.java:134)java.base/java.util.ArrayList.forEach(ArrayList.java:1511)org.testng.TestRunner.privateRun(TestRunner.java:739)org.testng.TestRunner.run(TestRunner.java:614)org.testng.SuiteRunner.runTest(SuiteRunner.java:421)org.testng.SuiteRunner.runSequentially(SuiteRunner.java:413)org.testng.SuiteRunner.privateRun(SuiteRunner.java:373)org.testng.SuiteRunner.run(SuiteRunner.java:312)org.testng.SuiteRunnerWorker.runSuite(SuiteRunnerWorker.java:52)org.testng.SuiteRunnerWorker.run(SuiteRunnerWorker.java:95)org.testng.TestNG.runSuitesSequentially(TestNG.java:1274)org.testng.TestNG.runSuitesLocally(TestNG.java:1208)org.testng.TestNG.runSuites(TestNG.java:1112)org.testng.TestNG.run(TestNG.java:1079)com.microsoft.java.test.runner.testng.TestNGRunner.run(TestNGRunner.java:45)com.microsoft.java.test.runner.testng.TestNGLauncher.execute(TestNGLauncher.java:32)com.microsoft.java.test.runner.Launcher.main(Launcher.java:57)
                                    Caused by: java.net.ConnectException: Connection refused: getsockopt
                    java.base/sun.nio.ch.Net.pollConnect(Native Method)java.base/sun.nio.ch.Net.pollConnectNow(Net.java:672)java.base/sun.nio.ch.NioSocketImpl.timedFinishConnect(NioSocketImpl.java:547)java.base/sun.nio.ch.NioSocketImpl.connect(NioSocketImpl.java:602)java.base/java.net.SocksSocketImpl.connect(SocksSocketImpl.java:327)java.base/java.net.Socket.connect(Socket.java:633)okhttp3.internal.platform.Platform.connectSocket(Platform.java:130)okhttp3.internal.connection.RealConnection.connectSocket(RealConnection.java:263)okhttp3.internal.connection.RealConnection.connect(RealConnection.java:183)okhttp3.internal.connection.ExchangeFinder.findConnection(ExchangeFinder.java:224)okhttp3.internal.connection.ExchangeFinder.findHealthyConnection(ExchangeFinder.java:107)okhttp3.internal.connection.ExchangeFinder.find(ExchangeFinder.java:87)okhttp3.internal.connection.Transmitter.newExchange(Transmitter.java:162)okhttp3.internal.connection.ConnectInterceptor.intercept(ConnectInterceptor.java:41)okhttp3.internal.http.RealInterceptorChain.proceed(RealInterceptorChain.java:142)okhttp3.internal.http.RealInterceptorChain.proceed(RealInterceptorChain.java:117)okhttp3.internal.cache.CacheInterceptor.intercept(CacheInterceptor.java:94)okhttp3.internal.http.RealInterceptorChain.proceed(RealInterceptorChain.java:142)okhttp3.internal.http.RealInterceptorChain.proceed(RealInterceptorChain.java:117)okhttp3.internal.http.BridgeInterceptor.intercept(BridgeInterceptor.java:93)okhttp3.internal.http.RealInterceptorChain.proceed(RealInterceptorChain.java:142)okhttp3.internal.http.RetryAndFollowUpInterceptor.intercept(RetryAndFollowUpInterceptor.java:88)okhttp3.internal.http.RealInterceptorChain.proceed(RealInterceptorChain.java:142)okhttp3.internal.http.RealInterceptorChain.proceed(RealInterceptorChain.java:117)okhttp3.RealCall.getResponseWithInterceptorChain(RealCall.java:221)okhttp3.RealCall.execute(RealCall.java:81)org.openqa.selenium.remote.internal.OkHttpClient.execute(OkHttpClient.java:59)org.openqa.selenium.remote.HttpCommandExecutor.execute(HttpCommandExecutor.java:158)org.openqa.selenium.remote.service.DriverCommandExecutor.execute(DriverCommandExecutor.java:83)org.openqa.selenium.remote.RemoteWebDriver.execute(RemoteWebDriver.java:576)org.openqa.selenium.remote.RemoteWebDriver.findElement(RemoteWebDriver.java:327)org.openqa.selenium.remote.RemoteWebDriver.findElementById(RemoteWebDriver.java:375)org.openqa.selenium.By$ById.findElement(By.java:188)org.openqa.selenium.remote.RemoteWebDriver.findElement(RemoteWebDriver.java:319)F01.searchHotel(F01.java:41)F01.testSearchWithoutLocation(F01.java:65)java.base/jdk.internal.reflect.NativeMethodAccessorImpl.invoke0(Native Method)java.base/jdk.internal.reflect.NativeMethodAccessorImpl.invoke(NativeMethodAccessorImpl.java:77)java.base/jdk.internal.reflect.DelegatingMethodAccessorImpl.invoke(DelegatingMethodAccessorImpl.java:43)java.base/java.lang.reflect.Method.invoke(Method.java:569)org.testng.internal.invokers.MethodInvocationHelper.invokeMethod(MethodInvocationHelper.java:141)org.testng.internal.invokers.TestInvoker.invokeMethod(TestInvoker.java:686)org.testng.internal.invokers.TestInvoker.invokeTestMethod(TestInvoker.java:230)org.testng.internal.invokers.MethodRunner.runInSequence(MethodRunner.java:63)org.testng.internal.invokers.TestInvoker$MethodInvocationAgent.invoke(TestInvoker.java:992)org.testng.internal.invokers.TestInvoker.invokeTestMethods(TestInvoker.java:203)org.testng.internal.invokers.TestMethodWorker.invokeTestMethods(TestMethodWorker.java:154)org.testng.internal.invokers.TestMethodWorker.run(TestMethodWorker.java:134)java.base/java.util.ArrayList.forEach(ArrayList.java:1511)org.testng.TestRunner.privateRun(TestRunner.java:739)org.testng.TestRunner.run(TestRunner.java:614)org.testng.SuiteRunner.runTest(SuiteRunner.java:421)org.testng.SuiteRunner.runSequentially(SuiteRunner.java:413)org.testng.SuiteRunner.privateRun(SuiteRunner.java:373)org.testng.SuiteRunner.run(SuiteRunner.java:312)org.testng.SuiteRunnerWorker.runSuite(SuiteRunnerWorker.java:52)org.testng.SuiteRunnerWorker.run(SuiteRunnerWorker.java:95)org.testng.TestNG.runSuitesSequentially(TestNG.java:1274)org.testng.TestNG.runSuitesLocally(TestNG.java:1208)org.testng.TestNG.runSuites(TestNG.java:1112)org.testng.TestNG.run(TestNG.java:1079)com.microsoft.java.test.runner.testng.TestNGRunner.run(TestNGRunner.java:45)com.microsoft.java.test.runner.testng.TestNGLauncher.execute(TestNGLauncher.java:32)com.microsoft.java.test.runner.Launcher.main(Launcher.java:57)
                ]]>
            </failure>
    </testcase>


</testsuite>
